TimeQuest Timing Analyzer report for demo_setup
Mon Apr 17 13:23:15 2017
Quartus II 32-bit Version 13.0.1 Build 232 06/12/2013 Service Pack 1 SJ Web Edition


---------------------
; Table of Contents ;
---------------------
  1. Legal Notice
  2. TimeQuest Timing Analyzer Summary
  3. Parallel Compilation
  4. Clocks
  5. Slow Model Fmax Summary
  6. Slow Model Setup Summary
  7. Slow Model Hold Summary
  8. Slow Model Recovery Summary
  9. Slow Model Removal Summary
 10. Slow Model Minimum Pulse Width Summary
 11. Propagation Delay
 12. Minimum Propagation Delay
 13. Fast Model Setup Summary
 14. Fast Model Hold Summary
 15. Fast Model Recovery Summary
 16. Fast Model Removal Summary
 17. Fast Model Minimum Pulse Width Summary
 18. Propagation Delay
 19. Minimum Propagation Delay
 20. Multicorner Timing Analysis Summary
 21. Progagation Delay
 22. Minimum Progagation Delay
 23. Clock Transfers
 24. Report TCCS
 25. Report RSKM
 26. Unconstrained Paths
 27. TimeQuest Timing Analyzer Messages



----------------
; Legal Notice ;
----------------
Copyright (C) 1991-2013 Altera Corporation
Your use of Altera Corporation's design tools, logic functions 
and other software and tools, and its AMPP partner logic 
functions, and any output files from any of the foregoing 
(including device programming or simulation files), and any 
associated documentation or information are expressly subject 
to the terms and conditions of the Altera Program License 
Subscription Agreement, Altera MegaCore Function License 
Agreement, or other applicable license agreement, including, 
without limitation, that your use is for the sole purpose of 
programming logic devices manufactured by Altera and sold by 
Altera or its authorized distributors.  Please refer to the 
applicable agreement for further details.



+----------------------------------------------------------------------------------------+
; TimeQuest Timing Analyzer Summary                                                      ;
+--------------------+-------------------------------------------------------------------+
; Quartus II Version ; Version 13.0.1 Build 232 06/12/2013 Service Pack 1 SJ Web Edition ;
; Revision Name      ; demo_setup                                                        ;
; Device Family      ; Cyclone II                                                        ;
; Device Name        ; EP2C20F484C7                                                      ;
; Timing Models      ; Final                                                             ;
; Delay Model        ; Combined                                                          ;
; Rise/Fall Delays   ; Unavailable                                                       ;
+--------------------+-------------------------------------------------------------------+


Parallel compilation was disabled, but you have multiple processors available. Enable parallel compilation to reduce compilation time.
+-------------------------------------+
; Parallel Compilation                ;
+----------------------------+--------+
; Processors                 ; Number ;
+----------------------------+--------+
; Number detected on machine ; 4      ;
; Maximum allowed            ; 1      ;
+----------------------------+--------+


----------
; Clocks ;
----------
No clocks to report.


---------------------------
; Slow Model Fmax Summary ;
---------------------------
No paths to report.


----------------------------
; Slow Model Setup Summary ;
----------------------------
No paths to report.


---------------------------
; Slow Model Hold Summary ;
---------------------------
No paths to report.


-------------------------------
; Slow Model Recovery Summary ;
-------------------------------
No paths to report.


------------------------------
; Slow Model Removal Summary ;
------------------------------
No paths to report.


------------------------------------------
; Slow Model Minimum Pulse Width Summary ;
------------------------------------------
No paths to report.


+--------------------------------------------------------------+
; Propagation Delay                                            ;
+------------+-------------+--------+--------+--------+--------+
; Input Port ; Output Port ; RR     ; RF     ; FR     ; FF     ;
+------------+-------------+--------+--------+--------+--------+
; SW[0]      ; HEX0[0]     ; 10.987 ; 10.987 ; 10.987 ; 10.987 ;
; SW[0]      ; HEX0[1]     ; 11.025 ; 11.025 ; 11.025 ; 11.025 ;
; SW[0]      ; HEX0[2]     ; 11.367 ; 11.367 ; 11.367 ; 11.367 ;
; SW[0]      ; HEX0[3]     ; 11.252 ; 11.252 ; 11.252 ; 11.252 ;
; SW[0]      ; HEX0[4]     ; 11.268 ; 11.268 ; 11.268 ; 11.268 ;
; SW[0]      ; HEX0[5]     ; 11.382 ; 11.382 ; 11.382 ; 11.382 ;
; SW[0]      ; HEX0[6]     ; 11.384 ; 11.384 ; 11.384 ; 11.384 ;
; SW[0]      ; HEX1[6]     ; 9.974  ; 9.974  ; 9.974  ; 9.974  ;
; SW[0]      ; LEDR[0]     ; 10.681 ; 10.681 ; 10.681 ; 10.681 ;
; SW[0]      ; LEDR[1]     ; 9.897  ; 9.897  ; 9.897  ; 9.897  ;
; SW[0]      ; LEDR[2]     ; 11.103 ;        ;        ; 11.103 ;
; SW[0]      ; LEDR[3]     ; 11.234 ; 11.234 ; 11.234 ; 11.234 ;
; SW[1]      ; HEX0[0]     ; 10.130 ; 10.130 ; 10.130 ; 10.130 ;
; SW[1]      ; HEX0[1]     ; 10.168 ; 10.168 ; 10.168 ; 10.168 ;
; SW[1]      ; HEX0[2]     ; 10.510 ; 10.510 ; 10.510 ; 10.510 ;
; SW[1]      ; HEX0[3]     ; 10.389 ; 10.389 ; 10.389 ; 10.389 ;
; SW[1]      ; HEX0[4]     ; 10.405 ; 10.405 ; 10.405 ; 10.405 ;
; SW[1]      ; HEX0[5]     ; 10.525 ; 10.525 ; 10.525 ; 10.525 ;
; SW[1]      ; HEX0[6]     ; 10.527 ; 10.527 ; 10.527 ; 10.527 ;
; SW[1]      ; HEX1[6]     ; 9.117  ; 9.117  ; 9.117  ; 9.117  ;
; SW[1]      ; LEDR[0]     ; 9.824  ; 9.824  ; 9.824  ; 9.824  ;
; SW[1]      ; LEDR[1]     ; 9.040  ; 9.040  ; 9.040  ; 9.040  ;
; SW[1]      ; LEDR[2]     ; 10.246 ;        ;        ; 10.246 ;
; SW[1]      ; LEDR[3]     ; 10.377 ; 10.377 ; 10.377 ; 10.377 ;
; SW[2]      ; HEX0[0]     ; 10.001 ; 10.001 ; 10.001 ; 10.001 ;
; SW[2]      ; HEX0[1]     ; 10.034 ; 10.034 ; 10.034 ; 10.034 ;
; SW[2]      ; HEX0[2]     ; 10.375 ; 10.375 ; 10.375 ; 10.375 ;
; SW[2]      ; HEX0[3]     ; 10.378 ; 10.378 ; 10.378 ; 10.378 ;
; SW[2]      ; HEX0[4]     ; 10.389 ; 10.389 ; 10.389 ; 10.389 ;
; SW[2]      ; HEX0[5]     ; 10.392 ; 10.392 ; 10.392 ; 10.392 ;
; SW[2]      ; HEX0[6]     ; 10.394 ; 10.394 ; 10.394 ; 10.394 ;
; SW[2]      ; HEX1[6]     ; 8.432  ; 8.432  ; 8.432  ; 8.432  ;
; SW[2]      ; LEDR[0]     ; 9.139  ; 9.139  ; 9.139  ; 9.139  ;
; SW[2]      ; LEDR[1]     ; 8.356  ; 8.356  ; 8.356  ; 8.356  ;
; SW[2]      ; LEDR[2]     ; 9.561  ;        ;        ; 9.561  ;
; SW[2]      ; LEDR[3]     ; 9.693  ; 9.693  ; 9.693  ; 9.693  ;
; SW[3]      ; HEX0[0]     ; 9.632  ; 9.632  ; 9.632  ; 9.632  ;
; SW[3]      ; HEX0[1]     ; 9.670  ; 9.670  ; 9.670  ; 9.670  ;
; SW[3]      ; HEX0[2]     ; 10.012 ; 10.012 ; 10.012 ; 10.012 ;
; SW[3]      ; HEX0[5]     ; 10.027 ; 10.027 ; 10.027 ; 10.027 ;
; SW[3]      ; HEX0[6]     ; 9.793  ; 10.029 ; 10.029 ; 9.793  ;
; SW[3]      ; HEX1[6]     ; 8.383  ; 8.619  ; 8.619  ; 8.383  ;
; SW[3]      ; LEDR[0]     ; 8.656  ; 8.656  ; 8.656  ; 8.656  ;
; SW[3]      ; LEDR[1]     ; 8.963  ; 8.963  ; 8.963  ; 8.963  ;
; SW[3]      ; LEDR[2]     ; 9.073  ;        ;        ; 9.073  ;
; SW[3]      ; LEDR[3]     ; 10.300 ; 10.300 ; 10.300 ; 10.300 ;
; SW[4]      ; HEX0[0]     ; 11.167 ; 11.167 ; 11.167 ; 11.167 ;
; SW[4]      ; HEX0[1]     ; 11.205 ; 11.205 ; 11.205 ; 11.205 ;
; SW[4]      ; HEX0[2]     ; 11.547 ; 11.547 ; 11.547 ; 11.547 ;
; SW[4]      ; HEX0[3]     ; 11.432 ; 11.432 ; 11.432 ; 11.432 ;
; SW[4]      ; HEX0[4]     ; 11.448 ; 11.448 ; 11.448 ; 11.448 ;
; SW[4]      ; HEX0[5]     ; 11.562 ; 11.562 ; 11.562 ; 11.562 ;
; SW[4]      ; HEX0[6]     ; 11.564 ; 11.564 ; 11.564 ; 11.564 ;
; SW[4]      ; HEX1[6]     ; 10.154 ; 10.154 ; 10.154 ; 10.154 ;
; SW[4]      ; LEDR[0]     ; 10.861 ; 10.861 ; 10.861 ; 10.861 ;
; SW[4]      ; LEDR[1]     ; 10.077 ; 10.077 ; 10.077 ; 10.077 ;
; SW[4]      ; LEDR[2]     ; 11.283 ; 11.283 ; 11.283 ; 11.283 ;
; SW[4]      ; LEDR[3]     ; 11.414 ; 11.414 ; 11.414 ; 11.414 ;
; SW[5]      ; HEX0[0]     ; 10.485 ; 10.485 ; 10.485 ; 10.485 ;
; SW[5]      ; HEX0[1]     ; 10.523 ; 10.523 ; 10.523 ; 10.523 ;
; SW[5]      ; HEX0[2]     ; 10.865 ; 10.865 ; 10.865 ; 10.865 ;
; SW[5]      ; HEX0[3]     ; 10.754 ; 10.754 ; 10.754 ; 10.754 ;
; SW[5]      ; HEX0[4]     ; 10.770 ; 10.770 ; 10.770 ; 10.770 ;
; SW[5]      ; HEX0[5]     ; 10.880 ; 10.880 ; 10.880 ; 10.880 ;
; SW[5]      ; HEX0[6]     ; 10.882 ; 10.882 ; 10.882 ; 10.882 ;
; SW[5]      ; HEX1[6]     ; 9.472  ; 9.472  ; 9.472  ; 9.472  ;
; SW[5]      ; LEDR[0]     ; 10.179 ; 10.179 ; 10.179 ; 10.179 ;
; SW[5]      ; LEDR[1]     ; 9.395  ; 9.395  ; 9.395  ; 9.395  ;
; SW[5]      ; LEDR[2]     ; 10.601 ; 10.601 ; 10.601 ; 10.601 ;
; SW[5]      ; LEDR[3]     ; 10.732 ; 10.732 ; 10.732 ; 10.732 ;
; SW[6]      ; HEX0[0]     ; 10.172 ; 10.172 ; 10.172 ; 10.172 ;
; SW[6]      ; HEX0[1]     ; 10.210 ; 10.210 ; 10.210 ; 10.210 ;
; SW[6]      ; HEX0[2]     ; 10.552 ; 10.552 ; 10.552 ; 10.552 ;
; SW[6]      ; HEX0[3]     ; 10.246 ; 10.246 ; 10.246 ; 10.246 ;
; SW[6]      ; HEX0[4]     ; 10.257 ; 10.257 ; 10.257 ; 10.257 ;
; SW[6]      ; HEX0[5]     ; 10.567 ; 10.567 ; 10.567 ; 10.567 ;
; SW[6]      ; HEX0[6]     ; 10.569 ; 10.569 ; 10.569 ; 10.569 ;
; SW[6]      ; HEX1[6]     ; 9.159  ; 9.159  ; 9.159  ; 9.159  ;
; SW[6]      ; LEDR[0]     ; 9.866  ; 9.866  ; 9.866  ; 9.866  ;
; SW[6]      ; LEDR[1]     ; 9.082  ; 9.082  ; 9.082  ; 9.082  ;
; SW[6]      ; LEDR[2]     ; 10.288 ; 10.288 ; 10.288 ; 10.288 ;
; SW[6]      ; LEDR[3]     ; 10.419 ; 10.419 ; 10.419 ; 10.419 ;
; SW[7]      ; HEX0[0]     ; 10.373 ; 10.373 ; 10.373 ; 10.373 ;
; SW[7]      ; HEX0[1]     ; 10.411 ; 10.411 ; 10.411 ; 10.411 ;
; SW[7]      ; HEX0[2]     ; 10.753 ; 10.753 ; 10.753 ; 10.753 ;
; SW[7]      ; HEX0[5]     ; 10.768 ; 10.768 ; 10.768 ; 10.768 ;
; SW[7]      ; HEX0[6]     ; 10.534 ; 10.770 ; 10.770 ; 10.534 ;
; SW[7]      ; HEX1[6]     ; 9.124  ; 9.360  ; 9.360  ; 9.124  ;
; SW[7]      ; LEDR[0]     ; 9.207  ; 9.207  ; 9.207  ; 9.207  ;
; SW[7]      ; LEDR[1]     ; 9.704  ; 9.704  ; 9.704  ; 9.704  ;
; SW[7]      ; LEDR[2]     ; 9.624  ; 9.624  ; 9.624  ; 9.624  ;
; SW[7]      ; LEDR[3]     ; 11.041 ; 11.041 ; 11.041 ; 11.041 ;
; SW[8]      ; HEX0[0]     ; 11.739 ; 11.739 ; 11.739 ; 11.739 ;
; SW[8]      ; HEX0[1]     ; 11.777 ; 11.777 ; 11.777 ; 11.777 ;
; SW[8]      ; HEX0[2]     ; 12.119 ; 12.119 ; 12.119 ; 12.119 ;
; SW[8]      ; HEX0[3]     ; 12.004 ; 12.004 ; 12.004 ; 12.004 ;
; SW[8]      ; HEX0[4]     ; 12.020 ; 12.020 ; 12.020 ; 12.020 ;
; SW[8]      ; HEX0[5]     ; 12.134 ; 12.134 ; 12.134 ; 12.134 ;
; SW[8]      ; HEX0[6]     ; 12.136 ; 12.136 ; 12.136 ; 12.136 ;
; SW[8]      ; HEX1[6]     ; 10.726 ; 10.726 ; 10.726 ; 10.726 ;
; SW[8]      ; LEDR[0]     ; 11.433 ; 11.433 ; 11.433 ; 11.433 ;
; SW[8]      ; LEDR[1]     ; 10.649 ; 10.649 ; 10.649 ; 10.649 ;
; SW[8]      ; LEDR[2]     ; 11.786 ; 11.855 ; 11.855 ; 11.786 ;
; SW[8]      ; LEDR[3]     ; 11.986 ; 11.986 ; 11.986 ; 11.986 ;
; SW[9]      ; HEX0[0]     ; 11.767 ; 11.767 ; 11.767 ; 11.767 ;
; SW[9]      ; HEX0[1]     ; 11.805 ; 11.805 ; 11.805 ; 11.805 ;
; SW[9]      ; HEX0[2]     ; 12.147 ; 12.147 ; 12.147 ; 12.147 ;
; SW[9]      ; HEX0[3]     ; 12.029 ; 12.029 ; 12.029 ; 12.029 ;
; SW[9]      ; HEX0[4]     ; 12.045 ; 12.045 ; 12.045 ; 12.045 ;
; SW[9]      ; HEX0[5]     ; 12.162 ; 12.162 ; 12.162 ; 12.162 ;
; SW[9]      ; HEX0[6]     ; 12.164 ; 12.164 ; 12.164 ; 12.164 ;
; SW[9]      ; HEX1[6]     ; 10.754 ; 10.754 ; 10.754 ; 10.754 ;
; SW[9]      ; LEDR[0]     ; 11.461 ; 11.461 ; 11.461 ; 11.461 ;
; SW[9]      ; LEDR[1]     ; 10.677 ; 10.677 ; 10.677 ; 10.677 ;
; SW[9]      ; LEDR[2]     ; 11.883 ; 11.883 ; 11.883 ; 11.883 ;
; SW[9]      ; LEDR[3]     ; 12.014 ; 12.014 ; 12.014 ; 12.014 ;
+------------+-------------+--------+--------+--------+--------+


+--------------------------------------------------------------+
; Minimum Propagation Delay                                    ;
+------------+-------------+--------+--------+--------+--------+
; Input Port ; Output Port ; RR     ; RF     ; FR     ; FF     ;
+------------+-------------+--------+--------+--------+--------+
; SW[0]      ; HEX0[0]     ; 8.530  ; 8.530  ; 8.530  ; 8.530  ;
; SW[0]      ; HEX0[1]     ; 8.561  ; 8.561  ; 8.561  ; 8.561  ;
; SW[0]      ; HEX0[2]     ; 8.898  ; 8.898  ; 8.898  ; 8.898  ;
; SW[0]      ; HEX0[3]     ; 8.900  ; 8.900  ; 8.900  ; 8.900  ;
; SW[0]      ; HEX0[4]     ; 8.916  ; 8.916  ; 8.916  ; 8.916  ;
; SW[0]      ; HEX0[5]     ; 8.917  ; 8.917  ; 8.917  ; 8.917  ;
; SW[0]      ; HEX0[6]     ; 8.920  ; 8.920  ; 8.920  ; 8.920  ;
; SW[0]      ; HEX1[6]     ; 9.974  ; 9.974  ; 9.974  ; 9.974  ;
; SW[0]      ; LEDR[0]     ; 10.681 ; 10.681 ; 10.681 ; 10.681 ;
; SW[0]      ; LEDR[1]     ; 9.897  ; 9.897  ; 9.897  ; 9.897  ;
; SW[0]      ; LEDR[2]     ; 11.103 ;        ;        ; 11.103 ;
; SW[0]      ; LEDR[3]     ; 9.002  ; 9.002  ; 9.002  ; 9.002  ;
; SW[1]      ; HEX0[0]     ; 9.830  ; 9.830  ; 9.830  ; 9.830  ;
; SW[1]      ; HEX0[1]     ; 9.863  ; 9.863  ; 9.863  ; 9.863  ;
; SW[1]      ; HEX0[2]     ; 10.204 ; 10.204 ; 10.204 ; 10.204 ;
; SW[1]      ; HEX0[3]     ; 10.207 ; 10.207 ; 10.207 ; 10.207 ;
; SW[1]      ; HEX0[4]     ; 10.218 ; 10.218 ; 10.218 ; 10.218 ;
; SW[1]      ; HEX0[5]     ; 10.221 ; 10.221 ; 10.221 ; 10.221 ;
; SW[1]      ; HEX0[6]     ; 10.223 ; 10.223 ; 10.223 ; 10.223 ;
; SW[1]      ; HEX1[6]     ; 9.117  ; 9.117  ; 9.117  ; 9.117  ;
; SW[1]      ; LEDR[0]     ; 9.824  ; 9.824  ; 9.824  ; 9.824  ;
; SW[1]      ; LEDR[1]     ; 9.040  ; 9.040  ; 9.040  ; 9.040  ;
; SW[1]      ; LEDR[2]     ; 10.246 ;        ;        ; 10.246 ;
; SW[1]      ; LEDR[3]     ; 9.875  ; 9.875  ; 9.875  ; 9.875  ;
; SW[2]      ; HEX0[0]     ; 9.445  ; 9.445  ; 9.445  ; 9.445  ;
; SW[2]      ; HEX0[1]     ; 9.483  ; 9.483  ; 9.483  ; 9.483  ;
; SW[2]      ; HEX0[2]     ; 9.825  ; 9.825  ; 9.825  ; 9.825  ;
; SW[2]      ; HEX0[3]     ; 10.378 ; 10.378 ; 10.378 ; 10.378 ;
; SW[2]      ; HEX0[4]     ; 10.389 ; 10.389 ; 10.389 ; 10.389 ;
; SW[2]      ; HEX0[5]     ; 9.840  ; 9.840  ; 9.840  ; 9.840  ;
; SW[2]      ; HEX0[6]     ; 9.842  ; 9.842  ; 9.842  ; 9.842  ;
; SW[2]      ; HEX1[6]     ; 8.432  ; 8.432  ; 8.432  ; 8.432  ;
; SW[2]      ; LEDR[0]     ; 9.139  ; 9.139  ; 9.139  ; 9.139  ;
; SW[2]      ; LEDR[1]     ; 8.356  ; 8.356  ; 8.356  ; 8.356  ;
; SW[2]      ; LEDR[2]     ; 9.561  ;        ;        ; 9.561  ;
; SW[2]      ; LEDR[3]     ; 9.540  ; 9.540  ; 9.540  ; 9.540  ;
; SW[3]      ; HEX0[0]     ; 9.396  ; 9.396  ; 9.396  ; 9.396  ;
; SW[3]      ; HEX0[1]     ; 9.434  ; 9.434  ; 9.434  ; 9.434  ;
; SW[3]      ; HEX0[2]     ; 9.776  ; 9.776  ; 9.776  ; 9.776  ;
; SW[3]      ; HEX0[5]     ; 9.791  ; 9.791  ; 9.791  ; 9.791  ;
; SW[3]      ; HEX0[6]     ; 9.793  ; 9.793  ; 9.793  ; 9.793  ;
; SW[3]      ; HEX1[6]     ; 8.383  ; 8.383  ; 8.383  ; 8.383  ;
; SW[3]      ; LEDR[0]     ; 8.656  ; 8.656  ; 8.656  ; 8.656  ;
; SW[3]      ; LEDR[1]     ; 8.963  ; 8.963  ; 8.963  ; 8.963  ;
; SW[3]      ; LEDR[2]     ; 9.073  ;        ;        ; 9.073  ;
; SW[3]      ; LEDR[3]     ; 10.300 ; 10.300 ; 10.300 ; 10.300 ;
; SW[4]      ; HEX0[0]     ; 8.736  ; 8.736  ; 8.736  ; 8.736  ;
; SW[4]      ; HEX0[1]     ; 8.767  ; 8.767  ; 8.767  ; 8.767  ;
; SW[4]      ; HEX0[2]     ; 9.104  ; 9.104  ; 9.104  ; 9.104  ;
; SW[4]      ; HEX0[3]     ; 9.106  ; 9.106  ; 9.106  ; 9.106  ;
; SW[4]      ; HEX0[4]     ; 9.122  ; 9.122  ; 9.122  ; 9.122  ;
; SW[4]      ; HEX0[5]     ; 9.123  ; 9.123  ; 9.123  ; 9.123  ;
; SW[4]      ; HEX0[6]     ; 9.126  ; 9.126  ; 9.126  ; 9.126  ;
; SW[4]      ; HEX1[6]     ; 10.154 ; 10.154 ; 10.154 ; 10.154 ;
; SW[4]      ; LEDR[0]     ; 10.861 ; 10.861 ; 10.861 ; 10.861 ;
; SW[4]      ; LEDR[1]     ; 10.077 ; 10.077 ; 10.077 ; 10.077 ;
; SW[4]      ; LEDR[2]     ; 11.283 ; 11.283 ; 11.283 ; 11.283 ;
; SW[4]      ; LEDR[3]     ; 9.169  ; 9.169  ; 9.169  ; 9.169  ;
; SW[5]      ; HEX0[0]     ; 9.613  ; 9.613  ; 9.613  ; 9.613  ;
; SW[5]      ; HEX0[1]     ; 9.681  ; 9.681  ; 9.681  ; 9.681  ;
; SW[5]      ; HEX0[2]     ; 10.022 ; 10.559 ; 10.559 ; 10.022 ;
; SW[5]      ; HEX0[3]     ; 9.990  ; 9.990  ; 9.990  ; 9.990  ;
; SW[5]      ; HEX0[4]     ; 10.573 ; 10.006 ; 10.006 ; 10.573 ;
; SW[5]      ; HEX0[5]     ; 10.038 ; 10.038 ; 10.038 ; 10.038 ;
; SW[5]      ; HEX0[6]     ; 10.040 ; 10.040 ; 10.040 ; 10.040 ;
; SW[5]      ; HEX1[6]     ; 9.472  ; 9.472  ; 9.472  ; 9.472  ;
; SW[5]      ; LEDR[0]     ; 10.179 ; 10.179 ; 10.179 ; 10.179 ;
; SW[5]      ; LEDR[1]     ; 9.395  ; 9.395  ; 9.395  ; 9.395  ;
; SW[5]      ; LEDR[2]     ; 10.601 ; 10.601 ; 10.601 ; 10.601 ;
; SW[5]      ; LEDR[3]     ; 10.240 ; 10.240 ; 10.240 ; 10.240 ;
; SW[6]      ; HEX0[0]     ; 9.601  ; 9.601  ; 9.601  ; 9.601  ;
; SW[6]      ; HEX0[1]     ; 9.634  ; 9.634  ; 9.634  ; 9.634  ;
; SW[6]      ; HEX0[2]     ; 9.975  ; 9.975  ; 9.975  ; 9.975  ;
; SW[6]      ; HEX0[3]     ; 9.978  ; 9.978  ; 9.978  ; 9.978  ;
; SW[6]      ; HEX0[4]     ; 9.989  ; 9.989  ; 9.989  ; 9.989  ;
; SW[6]      ; HEX0[5]     ; 9.992  ; 9.992  ; 9.992  ; 9.992  ;
; SW[6]      ; HEX0[6]     ; 9.994  ; 9.994  ; 9.994  ; 9.994  ;
; SW[6]      ; HEX1[6]     ; 9.159  ; 9.159  ; 9.159  ; 9.159  ;
; SW[6]      ; LEDR[0]     ; 9.866  ; 9.866  ; 9.866  ; 9.866  ;
; SW[6]      ; LEDR[1]     ; 9.082  ; 9.082  ; 9.082  ; 9.082  ;
; SW[6]      ; LEDR[2]     ; 10.288 ; 10.288 ; 10.288 ; 10.288 ;
; SW[6]      ; LEDR[3]     ; 10.264 ; 10.264 ; 10.264 ; 10.264 ;
; SW[7]      ; HEX0[0]     ; 10.137 ; 10.137 ; 10.137 ; 10.137 ;
; SW[7]      ; HEX0[1]     ; 10.175 ; 10.175 ; 10.175 ; 10.175 ;
; SW[7]      ; HEX0[2]     ; 10.517 ; 10.517 ; 10.517 ; 10.517 ;
; SW[7]      ; HEX0[5]     ; 10.532 ; 10.532 ; 10.532 ; 10.532 ;
; SW[7]      ; HEX0[6]     ; 10.534 ; 10.534 ; 10.534 ; 10.534 ;
; SW[7]      ; HEX1[6]     ; 9.124  ; 9.124  ; 9.124  ; 9.124  ;
; SW[7]      ; LEDR[0]     ; 9.207  ; 9.207  ; 9.207  ; 9.207  ;
; SW[7]      ; LEDR[1]     ; 9.704  ; 9.704  ; 9.704  ; 9.704  ;
; SW[7]      ; LEDR[2]     ; 9.624  ; 9.624  ; 9.624  ; 9.624  ;
; SW[7]      ; LEDR[3]     ; 11.041 ; 11.041 ; 11.041 ; 11.041 ;
; SW[8]      ; HEX0[0]     ; 9.309  ; 9.309  ; 9.309  ; 9.309  ;
; SW[8]      ; HEX0[1]     ; 9.346  ; 9.346  ; 9.346  ; 9.346  ;
; SW[8]      ; HEX0[2]     ; 9.683  ; 9.683  ; 9.683  ; 9.683  ;
; SW[8]      ; HEX0[3]     ; 9.685  ; 9.685  ; 9.685  ; 9.685  ;
; SW[8]      ; HEX0[4]     ; 9.701  ; 9.701  ; 9.701  ; 9.701  ;
; SW[8]      ; HEX0[5]     ; 9.702  ; 9.702  ; 9.702  ; 9.702  ;
; SW[8]      ; HEX0[6]     ; 9.705  ; 9.705  ; 9.705  ; 9.705  ;
; SW[8]      ; HEX1[6]     ; 8.296  ; 9.352  ; 9.352  ; 8.296  ;
; SW[8]      ; LEDR[0]     ; 9.801  ; 9.801  ; 9.801  ; 9.801  ;
; SW[8]      ; LEDR[1]     ; 9.932  ; 9.932  ; 9.932  ; 9.932  ;
; SW[8]      ; LEDR[2]     ; 10.220 ; 10.220 ; 10.220 ; 10.220 ;
; SW[8]      ; LEDR[3]     ; 11.256 ; 11.256 ; 11.256 ; 11.256 ;
; SW[9]      ; HEX0[0]     ; 9.066  ; 9.066  ; 9.066  ; 9.066  ;
; SW[9]      ; HEX0[1]     ; 9.097  ; 9.097  ; 9.097  ; 9.097  ;
; SW[9]      ; HEX0[2]     ; 10.659 ; 9.434  ; 9.434  ; 10.659 ;
; SW[9]      ; HEX0[3]     ; 9.436  ; 9.436  ; 9.436  ; 9.436  ;
; SW[9]      ; HEX0[4]     ; 9.452  ; 10.752 ; 10.752 ; 9.452  ;
; SW[9]      ; HEX0[5]     ; 9.453  ; 10.674 ; 10.674 ; 9.453  ;
; SW[9]      ; HEX0[6]     ; 9.456  ; 10.676 ; 10.676 ; 9.456  ;
; SW[9]      ; HEX1[6]     ; 9.266  ; 9.266  ; 9.266  ; 9.266  ;
; SW[9]      ; LEDR[0]     ; 9.898  ; 9.898  ; 9.898  ; 9.898  ;
; SW[9]      ; LEDR[1]     ; 9.846  ; 9.846  ; 9.846  ; 9.846  ;
; SW[9]      ; LEDR[2]     ; 10.317 ; 10.317 ; 10.317 ; 10.317 ;
; SW[9]      ; LEDR[3]     ; 11.037 ; 11.037 ; 11.037 ; 11.037 ;
+------------+-------------+--------+--------+--------+--------+


----------------------------
; Fast Model Setup Summary ;
----------------------------
No paths to report.


---------------------------
; Fast Model Hold Summary ;
---------------------------
No paths to report.


-------------------------------
; Fast Model Recovery Summary ;
-------------------------------
No paths to report.


------------------------------
; Fast Model Removal Summary ;
------------------------------
No paths to report.


------------------------------------------
; Fast Model Minimum Pulse Width Summary ;
------------------------------------------
No paths to report.


+----------------------------------------------------------+
; Propagation Delay                                        ;
+------------+-------------+-------+-------+-------+-------+
; Input Port ; Output Port ; RR    ; RF    ; FR    ; FF    ;
+------------+-------------+-------+-------+-------+-------+
; SW[0]      ; HEX0[0]     ; 4.700 ; 4.700 ; 4.700 ; 4.700 ;
; SW[0]      ; HEX0[1]     ; 4.733 ; 4.733 ; 4.733 ; 4.733 ;
; SW[0]      ; HEX0[2]     ; 4.866 ; 4.866 ; 4.866 ; 4.866 ;
; SW[0]      ; HEX0[3]     ; 4.778 ; 4.778 ; 4.778 ; 4.778 ;
; SW[0]      ; HEX0[4]     ; 4.797 ; 4.797 ; 4.797 ; 4.797 ;
; SW[0]      ; HEX0[5]     ; 4.879 ; 4.879 ; 4.879 ; 4.879 ;
; SW[0]      ; HEX0[6]     ; 4.880 ; 4.880 ; 4.880 ; 4.880 ;
; SW[0]      ; HEX1[6]     ; 4.376 ; 4.376 ; 4.376 ; 4.376 ;
; SW[0]      ; LEDR[0]     ; 4.583 ; 4.583 ; 4.583 ; 4.583 ;
; SW[0]      ; LEDR[1]     ; 4.257 ; 4.257 ; 4.257 ; 4.257 ;
; SW[0]      ; LEDR[2]     ; 4.881 ;       ;       ; 4.881 ;
; SW[0]      ; LEDR[3]     ; 4.786 ; 4.786 ; 4.786 ; 4.786 ;
; SW[1]      ; HEX0[0]     ; 4.408 ; 4.408 ; 4.408 ; 4.408 ;
; SW[1]      ; HEX0[1]     ; 4.441 ; 4.441 ; 4.441 ; 4.441 ;
; SW[1]      ; HEX0[2]     ; 4.574 ; 4.574 ; 4.574 ; 4.574 ;
; SW[1]      ; HEX0[3]     ; 4.481 ; 4.481 ; 4.481 ; 4.481 ;
; SW[1]      ; HEX0[4]     ; 4.500 ; 4.500 ; 4.500 ; 4.500 ;
; SW[1]      ; HEX0[5]     ; 4.587 ; 4.587 ; 4.587 ; 4.587 ;
; SW[1]      ; HEX0[6]     ; 4.588 ; 4.588 ; 4.588 ; 4.588 ;
; SW[1]      ; HEX1[6]     ; 4.084 ; 4.084 ; 4.084 ; 4.084 ;
; SW[1]      ; LEDR[0]     ; 4.291 ; 4.291 ; 4.291 ; 4.291 ;
; SW[1]      ; LEDR[1]     ; 3.965 ; 3.965 ; 3.965 ; 3.965 ;
; SW[1]      ; LEDR[2]     ; 4.589 ;       ;       ; 4.589 ;
; SW[1]      ; LEDR[3]     ; 4.494 ; 4.494 ; 4.494 ; 4.494 ;
; SW[2]      ; HEX0[0]     ; 4.297 ; 4.297 ; 4.297 ; 4.297 ;
; SW[2]      ; HEX0[1]     ; 4.330 ; 4.330 ; 4.330 ; 4.330 ;
; SW[2]      ; HEX0[2]     ; 4.462 ; 4.462 ; 4.462 ; 4.462 ;
; SW[2]      ; HEX0[3]     ; 4.457 ; 4.457 ; 4.457 ; 4.457 ;
; SW[2]      ; HEX0[4]     ; 4.476 ; 4.476 ; 4.476 ; 4.476 ;
; SW[2]      ; HEX0[5]     ; 4.476 ; 4.476 ; 4.476 ; 4.476 ;
; SW[2]      ; HEX0[6]     ; 4.476 ; 4.476 ; 4.476 ; 4.476 ;
; SW[2]      ; HEX1[6]     ; 3.845 ; 3.845 ; 3.845 ; 3.845 ;
; SW[2]      ; LEDR[0]     ; 4.052 ; 4.052 ; 4.052 ; 4.052 ;
; SW[2]      ; LEDR[1]     ; 3.728 ; 3.728 ; 3.728 ; 3.728 ;
; SW[2]      ; LEDR[2]     ; 4.350 ;       ;       ; 4.350 ;
; SW[2]      ; LEDR[3]     ; 4.257 ; 4.257 ; 4.257 ; 4.257 ;
; SW[3]      ; HEX0[0]     ; 4.242 ; 4.242 ; 4.242 ; 4.242 ;
; SW[3]      ; HEX0[1]     ; 4.275 ; 4.275 ; 4.275 ; 4.275 ;
; SW[3]      ; HEX0[2]     ; 4.408 ; 4.408 ; 4.408 ; 4.408 ;
; SW[3]      ; HEX0[5]     ; 4.421 ; 4.421 ; 4.421 ; 4.421 ;
; SW[3]      ; HEX0[6]     ; 4.324 ; 4.422 ; 4.422 ; 4.324 ;
; SW[3]      ; HEX1[6]     ; 3.820 ; 3.918 ; 3.918 ; 3.820 ;
; SW[3]      ; LEDR[0]     ; 3.867 ; 3.867 ; 3.867 ; 3.867 ;
; SW[3]      ; LEDR[1]     ; 3.952 ; 3.952 ; 3.952 ; 3.952 ;
; SW[3]      ; LEDR[2]     ; 4.164 ;       ;       ; 4.164 ;
; SW[3]      ; LEDR[3]     ; 4.481 ; 4.481 ; 4.481 ; 4.481 ;
; SW[4]      ; HEX0[0]     ; 4.779 ; 4.779 ; 4.779 ; 4.779 ;
; SW[4]      ; HEX0[1]     ; 4.812 ; 4.812 ; 4.812 ; 4.812 ;
; SW[4]      ; HEX0[2]     ; 4.945 ; 4.945 ; 4.945 ; 4.945 ;
; SW[4]      ; HEX0[3]     ; 4.857 ; 4.857 ; 4.857 ; 4.857 ;
; SW[4]      ; HEX0[4]     ; 4.876 ; 4.876 ; 4.876 ; 4.876 ;
; SW[4]      ; HEX0[5]     ; 4.958 ; 4.958 ; 4.958 ; 4.958 ;
; SW[4]      ; HEX0[6]     ; 4.959 ; 4.959 ; 4.959 ; 4.959 ;
; SW[4]      ; HEX1[6]     ; 4.455 ; 4.455 ; 4.455 ; 4.455 ;
; SW[4]      ; LEDR[0]     ; 4.662 ; 4.662 ; 4.662 ; 4.662 ;
; SW[4]      ; LEDR[1]     ; 4.336 ; 4.336 ; 4.336 ; 4.336 ;
; SW[4]      ; LEDR[2]     ; 4.960 ; 4.960 ; 4.960 ; 4.960 ;
; SW[4]      ; LEDR[3]     ; 4.865 ; 4.865 ; 4.865 ; 4.865 ;
; SW[5]      ; HEX0[0]     ; 4.519 ; 4.519 ; 4.519 ; 4.519 ;
; SW[5]      ; HEX0[1]     ; 4.552 ; 4.552 ; 4.552 ; 4.552 ;
; SW[5]      ; HEX0[2]     ; 4.685 ; 4.685 ; 4.685 ; 4.685 ;
; SW[5]      ; HEX0[3]     ; 4.598 ; 4.598 ; 4.598 ; 4.598 ;
; SW[5]      ; HEX0[4]     ; 4.617 ; 4.617 ; 4.617 ; 4.617 ;
; SW[5]      ; HEX0[5]     ; 4.698 ; 4.698 ; 4.698 ; 4.698 ;
; SW[5]      ; HEX0[6]     ; 4.699 ; 4.699 ; 4.699 ; 4.699 ;
; SW[5]      ; HEX1[6]     ; 4.195 ; 4.195 ; 4.195 ; 4.195 ;
; SW[5]      ; LEDR[0]     ; 4.402 ; 4.402 ; 4.402 ; 4.402 ;
; SW[5]      ; LEDR[1]     ; 4.076 ; 4.076 ; 4.076 ; 4.076 ;
; SW[5]      ; LEDR[2]     ; 4.700 ; 4.700 ; 4.700 ; 4.700 ;
; SW[5]      ; LEDR[3]     ; 4.605 ; 4.605 ; 4.605 ; 4.605 ;
; SW[6]      ; HEX0[0]     ; 4.413 ; 4.413 ; 4.413 ; 4.413 ;
; SW[6]      ; HEX0[1]     ; 4.446 ; 4.446 ; 4.446 ; 4.446 ;
; SW[6]      ; HEX0[2]     ; 4.579 ; 4.579 ; 4.579 ; 4.579 ;
; SW[6]      ; HEX0[3]     ; 4.400 ; 4.400 ; 4.400 ; 4.400 ;
; SW[6]      ; HEX0[4]     ; 4.419 ; 4.419 ; 4.419 ; 4.419 ;
; SW[6]      ; HEX0[5]     ; 4.592 ; 4.592 ; 4.592 ; 4.592 ;
; SW[6]      ; HEX0[6]     ; 4.593 ; 4.593 ; 4.593 ; 4.593 ;
; SW[6]      ; HEX1[6]     ; 4.089 ; 4.089 ; 4.089 ; 4.089 ;
; SW[6]      ; LEDR[0]     ; 4.296 ; 4.296 ; 4.296 ; 4.296 ;
; SW[6]      ; LEDR[1]     ; 3.973 ; 3.973 ; 3.973 ; 3.973 ;
; SW[6]      ; LEDR[2]     ; 4.594 ; 4.594 ; 4.594 ; 4.594 ;
; SW[6]      ; LEDR[3]     ; 4.502 ; 4.502 ; 4.502 ; 4.502 ;
; SW[7]      ; HEX0[0]     ; 4.554 ; 4.554 ; 4.554 ; 4.554 ;
; SW[7]      ; HEX0[1]     ; 4.587 ; 4.587 ; 4.587 ; 4.587 ;
; SW[7]      ; HEX0[2]     ; 4.720 ; 4.720 ; 4.720 ; 4.720 ;
; SW[7]      ; HEX0[5]     ; 4.733 ; 4.733 ; 4.733 ; 4.733 ;
; SW[7]      ; HEX0[6]     ; 4.636 ; 4.734 ; 4.734 ; 4.636 ;
; SW[7]      ; HEX1[6]     ; 4.132 ; 4.230 ; 4.230 ; 4.132 ;
; SW[7]      ; LEDR[0]     ; 4.120 ; 4.120 ; 4.120 ; 4.120 ;
; SW[7]      ; LEDR[1]     ; 4.264 ; 4.264 ; 4.264 ; 4.264 ;
; SW[7]      ; LEDR[2]     ; 4.417 ; 4.417 ; 4.417 ; 4.417 ;
; SW[7]      ; LEDR[3]     ; 4.793 ; 4.793 ; 4.793 ; 4.793 ;
; SW[8]      ; HEX0[0]     ; 5.052 ; 5.052 ; 5.052 ; 5.052 ;
; SW[8]      ; HEX0[1]     ; 5.085 ; 5.085 ; 5.085 ; 5.085 ;
; SW[8]      ; HEX0[2]     ; 5.218 ; 5.218 ; 5.218 ; 5.218 ;
; SW[8]      ; HEX0[3]     ; 5.130 ; 5.130 ; 5.130 ; 5.130 ;
; SW[8]      ; HEX0[4]     ; 5.149 ; 5.149 ; 5.149 ; 5.149 ;
; SW[8]      ; HEX0[5]     ; 5.231 ; 5.231 ; 5.231 ; 5.231 ;
; SW[8]      ; HEX0[6]     ; 5.232 ; 5.232 ; 5.232 ; 5.232 ;
; SW[8]      ; HEX1[6]     ; 4.728 ; 4.728 ; 4.728 ; 4.728 ;
; SW[8]      ; LEDR[0]     ; 4.935 ; 4.935 ; 4.935 ; 4.935 ;
; SW[8]      ; LEDR[1]     ; 4.609 ; 4.609 ; 4.609 ; 4.609 ;
; SW[8]      ; LEDR[2]     ; 5.197 ; 5.233 ; 5.233 ; 5.197 ;
; SW[8]      ; LEDR[3]     ; 5.138 ; 5.138 ; 5.138 ; 5.138 ;
; SW[9]      ; HEX0[0]     ; 5.072 ; 5.072 ; 5.072 ; 5.072 ;
; SW[9]      ; HEX0[1]     ; 5.105 ; 5.105 ; 5.105 ; 5.105 ;
; SW[9]      ; HEX0[2]     ; 5.238 ; 5.238 ; 5.238 ; 5.238 ;
; SW[9]      ; HEX0[3]     ; 5.150 ; 5.150 ; 5.150 ; 5.150 ;
; SW[9]      ; HEX0[4]     ; 5.169 ; 5.169 ; 5.169 ; 5.169 ;
; SW[9]      ; HEX0[5]     ; 5.251 ; 5.251 ; 5.251 ; 5.251 ;
; SW[9]      ; HEX0[6]     ; 5.252 ; 5.252 ; 5.252 ; 5.252 ;
; SW[9]      ; HEX1[6]     ; 4.748 ; 4.748 ; 4.748 ; 4.748 ;
; SW[9]      ; LEDR[0]     ; 4.955 ; 4.955 ; 4.955 ; 4.955 ;
; SW[9]      ; LEDR[1]     ; 4.629 ; 4.629 ; 4.629 ; 4.629 ;
; SW[9]      ; LEDR[2]     ; 5.253 ; 5.253 ; 5.253 ; 5.253 ;
; SW[9]      ; LEDR[3]     ; 5.158 ; 5.158 ; 5.158 ; 5.158 ;
+------------+-------------+-------+-------+-------+-------+


+----------------------------------------------------------+
; Minimum Propagation Delay                                ;
+------------+-------------+-------+-------+-------+-------+
; Input Port ; Output Port ; RR    ; RF    ; FR    ; FF    ;
+------------+-------------+-------+-------+-------+-------+
; SW[0]      ; HEX0[0]     ; 3.825 ; 3.825 ; 3.825 ; 3.825 ;
; SW[0]      ; HEX0[1]     ; 3.856 ; 3.856 ; 3.856 ; 3.856 ;
; SW[0]      ; HEX0[2]     ; 3.980 ; 3.980 ; 3.980 ; 3.980 ;
; SW[0]      ; HEX0[3]     ; 3.980 ; 3.980 ; 3.980 ; 3.980 ;
; SW[0]      ; HEX0[4]     ; 3.998 ; 3.998 ; 3.998 ; 3.998 ;
; SW[0]      ; HEX0[5]     ; 3.998 ; 3.998 ; 3.998 ; 3.998 ;
; SW[0]      ; HEX0[6]     ; 4.002 ; 4.002 ; 4.002 ; 4.002 ;
; SW[0]      ; HEX1[6]     ; 4.376 ; 4.376 ; 4.376 ; 4.376 ;
; SW[0]      ; LEDR[0]     ; 4.583 ; 4.583 ; 4.583 ; 4.583 ;
; SW[0]      ; LEDR[1]     ; 4.257 ; 4.257 ; 4.257 ; 4.257 ;
; SW[0]      ; LEDR[2]     ; 4.881 ;       ;       ; 4.881 ;
; SW[0]      ; LEDR[3]     ; 3.974 ; 3.974 ; 3.974 ; 3.974 ;
; SW[1]      ; HEX0[0]     ; 4.235 ; 4.235 ; 4.235 ; 4.235 ;
; SW[1]      ; HEX0[1]     ; 4.268 ; 4.268 ; 4.268 ; 4.268 ;
; SW[1]      ; HEX0[2]     ; 4.400 ; 4.400 ; 4.400 ; 4.400 ;
; SW[1]      ; HEX0[3]     ; 4.395 ; 4.395 ; 4.395 ; 4.395 ;
; SW[1]      ; HEX0[4]     ; 4.414 ; 4.414 ; 4.414 ; 4.414 ;
; SW[1]      ; HEX0[5]     ; 4.414 ; 4.414 ; 4.414 ; 4.414 ;
; SW[1]      ; HEX0[6]     ; 4.414 ; 4.414 ; 4.414 ; 4.414 ;
; SW[1]      ; HEX1[6]     ; 4.084 ; 4.084 ; 4.084 ; 4.084 ;
; SW[1]      ; LEDR[0]     ; 4.291 ; 4.291 ; 4.291 ; 4.291 ;
; SW[1]      ; LEDR[1]     ; 3.965 ; 3.965 ; 3.965 ; 3.965 ;
; SW[1]      ; LEDR[2]     ; 4.589 ;       ;       ; 4.589 ;
; SW[1]      ; LEDR[3]     ; 4.289 ; 4.289 ; 4.289 ; 4.289 ;
; SW[2]      ; HEX0[0]     ; 4.169 ; 4.169 ; 4.169 ; 4.169 ;
; SW[2]      ; HEX0[1]     ; 4.202 ; 4.202 ; 4.202 ; 4.202 ;
; SW[2]      ; HEX0[2]     ; 4.335 ; 4.335 ; 4.335 ; 4.335 ;
; SW[2]      ; HEX0[3]     ; 4.457 ; 4.457 ; 4.457 ; 4.457 ;
; SW[2]      ; HEX0[4]     ; 4.476 ; 4.476 ; 4.476 ; 4.476 ;
; SW[2]      ; HEX0[5]     ; 4.348 ; 4.348 ; 4.348 ; 4.348 ;
; SW[2]      ; HEX0[6]     ; 4.349 ; 4.349 ; 4.349 ; 4.349 ;
; SW[2]      ; HEX1[6]     ; 3.845 ; 3.845 ; 3.845 ; 3.845 ;
; SW[2]      ; LEDR[0]     ; 4.052 ; 4.052 ; 4.052 ; 4.052 ;
; SW[2]      ; LEDR[1]     ; 3.728 ; 3.728 ; 3.728 ; 3.728 ;
; SW[2]      ; LEDR[2]     ; 4.350 ;       ;       ; 4.350 ;
; SW[2]      ; LEDR[3]     ; 4.174 ; 4.174 ; 4.174 ; 4.174 ;
; SW[3]      ; HEX0[0]     ; 4.144 ; 4.144 ; 4.144 ; 4.144 ;
; SW[3]      ; HEX0[1]     ; 4.177 ; 4.177 ; 4.177 ; 4.177 ;
; SW[3]      ; HEX0[2]     ; 4.310 ; 4.310 ; 4.310 ; 4.310 ;
; SW[3]      ; HEX0[5]     ; 4.323 ; 4.323 ; 4.323 ; 4.323 ;
; SW[3]      ; HEX0[6]     ; 4.324 ; 4.324 ; 4.324 ; 4.324 ;
; SW[3]      ; HEX1[6]     ; 3.820 ; 3.820 ; 3.820 ; 3.820 ;
; SW[3]      ; LEDR[0]     ; 3.867 ; 3.867 ; 3.867 ; 3.867 ;
; SW[3]      ; LEDR[1]     ; 3.952 ; 3.952 ; 3.952 ; 3.952 ;
; SW[3]      ; LEDR[2]     ; 4.164 ;       ;       ; 4.164 ;
; SW[3]      ; LEDR[3]     ; 4.481 ; 4.481 ; 4.481 ; 4.481 ;
; SW[4]      ; HEX0[0]     ; 3.902 ; 3.902 ; 3.902 ; 3.902 ;
; SW[4]      ; HEX0[1]     ; 3.933 ; 3.933 ; 3.933 ; 3.933 ;
; SW[4]      ; HEX0[2]     ; 4.057 ; 4.057 ; 4.057 ; 4.057 ;
; SW[4]      ; HEX0[3]     ; 4.057 ; 4.057 ; 4.057 ; 4.057 ;
; SW[4]      ; HEX0[4]     ; 4.075 ; 4.075 ; 4.075 ; 4.075 ;
; SW[4]      ; HEX0[5]     ; 4.075 ; 4.075 ; 4.075 ; 4.075 ;
; SW[4]      ; HEX0[6]     ; 4.079 ; 4.079 ; 4.079 ; 4.079 ;
; SW[4]      ; HEX1[6]     ; 4.455 ; 4.455 ; 4.455 ; 4.455 ;
; SW[4]      ; LEDR[0]     ; 4.662 ; 4.662 ; 4.662 ; 4.662 ;
; SW[4]      ; LEDR[1]     ; 4.336 ; 4.336 ; 4.336 ; 4.336 ;
; SW[4]      ; LEDR[2]     ; 4.960 ; 4.960 ; 4.960 ; 4.960 ;
; SW[4]      ; LEDR[3]     ; 4.058 ; 4.058 ; 4.058 ; 4.058 ;
; SW[5]      ; HEX0[0]     ; 4.176 ; 4.176 ; 4.176 ; 4.176 ;
; SW[5]      ; HEX0[1]     ; 4.208 ; 4.208 ; 4.208 ; 4.208 ;
; SW[5]      ; HEX0[2]     ; 4.345 ; 4.511 ; 4.511 ; 4.345 ;
; SW[5]      ; HEX0[3]     ; 4.336 ; 4.336 ; 4.336 ; 4.336 ;
; SW[5]      ; HEX0[4]     ; 4.525 ; 4.355 ; 4.355 ; 4.525 ;
; SW[5]      ; HEX0[5]     ; 4.355 ; 4.355 ; 4.355 ; 4.355 ;
; SW[5]      ; HEX0[6]     ; 4.355 ; 4.355 ; 4.355 ; 4.355 ;
; SW[5]      ; HEX1[6]     ; 4.195 ; 4.195 ; 4.195 ; 4.195 ;
; SW[5]      ; LEDR[0]     ; 4.402 ; 4.402 ; 4.402 ; 4.402 ;
; SW[5]      ; LEDR[1]     ; 4.076 ; 4.076 ; 4.076 ; 4.076 ;
; SW[5]      ; LEDR[2]     ; 4.700 ; 4.700 ; 4.700 ; 4.700 ;
; SW[5]      ; LEDR[3]     ; 4.406 ; 4.406 ; 4.406 ; 4.406 ;
; SW[6]      ; HEX0[0]     ; 4.148 ; 4.148 ; 4.148 ; 4.148 ;
; SW[6]      ; HEX0[1]     ; 4.181 ; 4.181 ; 4.181 ; 4.181 ;
; SW[6]      ; HEX0[2]     ; 4.313 ; 4.313 ; 4.313 ; 4.313 ;
; SW[6]      ; HEX0[3]     ; 4.308 ; 4.308 ; 4.308 ; 4.308 ;
; SW[6]      ; HEX0[4]     ; 4.327 ; 4.327 ; 4.327 ; 4.327 ;
; SW[6]      ; HEX0[5]     ; 4.327 ; 4.327 ; 4.327 ; 4.327 ;
; SW[6]      ; HEX0[6]     ; 4.327 ; 4.327 ; 4.327 ; 4.327 ;
; SW[6]      ; HEX1[6]     ; 4.089 ; 4.089 ; 4.089 ; 4.089 ;
; SW[6]      ; LEDR[0]     ; 4.296 ; 4.296 ; 4.296 ; 4.296 ;
; SW[6]      ; LEDR[1]     ; 3.973 ; 3.973 ; 3.973 ; 3.973 ;
; SW[6]      ; LEDR[2]     ; 4.594 ; 4.594 ; 4.594 ; 4.594 ;
; SW[6]      ; LEDR[3]     ; 4.413 ; 4.413 ; 4.413 ; 4.413 ;
; SW[7]      ; HEX0[0]     ; 4.456 ; 4.456 ; 4.456 ; 4.456 ;
; SW[7]      ; HEX0[1]     ; 4.489 ; 4.489 ; 4.489 ; 4.489 ;
; SW[7]      ; HEX0[2]     ; 4.622 ; 4.622 ; 4.622 ; 4.622 ;
; SW[7]      ; HEX0[5]     ; 4.635 ; 4.635 ; 4.635 ; 4.635 ;
; SW[7]      ; HEX0[6]     ; 4.636 ; 4.636 ; 4.636 ; 4.636 ;
; SW[7]      ; HEX1[6]     ; 4.132 ; 4.132 ; 4.132 ; 4.132 ;
; SW[7]      ; LEDR[0]     ; 4.120 ; 4.120 ; 4.120 ; 4.120 ;
; SW[7]      ; LEDR[1]     ; 4.264 ; 4.264 ; 4.264 ; 4.264 ;
; SW[7]      ; LEDR[2]     ; 4.417 ; 4.417 ; 4.417 ; 4.417 ;
; SW[7]      ; LEDR[3]     ; 4.793 ; 4.793 ; 4.793 ; 4.793 ;
; SW[8]      ; HEX0[0]     ; 4.173 ; 4.173 ; 4.173 ; 4.173 ;
; SW[8]      ; HEX0[1]     ; 4.206 ; 4.206 ; 4.206 ; 4.206 ;
; SW[8]      ; HEX0[2]     ; 4.338 ; 4.338 ; 4.338 ; 4.338 ;
; SW[8]      ; HEX0[3]     ; 4.338 ; 4.338 ; 4.338 ; 4.338 ;
; SW[8]      ; HEX0[4]     ; 4.356 ; 4.356 ; 4.356 ; 4.356 ;
; SW[8]      ; HEX0[5]     ; 4.352 ; 4.352 ; 4.352 ; 4.352 ;
; SW[8]      ; HEX0[6]     ; 4.353 ; 4.360 ; 4.360 ; 4.353 ;
; SW[8]      ; HEX1[6]     ; 3.849 ; 4.209 ; 4.209 ; 3.849 ;
; SW[8]      ; LEDR[0]     ; 4.351 ; 4.351 ; 4.351 ; 4.351 ;
; SW[8]      ; LEDR[1]     ; 4.341 ; 4.341 ; 4.341 ; 4.341 ;
; SW[8]      ; LEDR[2]     ; 4.650 ; 4.650 ; 4.650 ; 4.650 ;
; SW[8]      ; LEDR[3]     ; 4.850 ; 4.850 ; 4.850 ; 4.850 ;
; SW[9]      ; HEX0[0]     ; 4.096 ; 4.096 ; 4.096 ; 4.096 ;
; SW[9]      ; HEX0[1]     ; 4.127 ; 4.127 ; 4.127 ; 4.127 ;
; SW[9]      ; HEX0[2]     ; 4.661 ; 4.251 ; 4.251 ; 4.661 ;
; SW[9]      ; HEX0[3]     ; 4.251 ; 4.251 ; 4.251 ; 4.251 ;
; SW[9]      ; HEX0[4]     ; 4.269 ; 4.677 ; 4.677 ; 4.269 ;
; SW[9]      ; HEX0[5]     ; 4.269 ; 4.674 ; 4.674 ; 4.269 ;
; SW[9]      ; HEX0[6]     ; 4.273 ; 4.675 ; 4.675 ; 4.273 ;
; SW[9]      ; HEX1[6]     ; 4.171 ; 4.171 ; 4.171 ; 4.171 ;
; SW[9]      ; LEDR[0]     ; 4.407 ; 4.407 ; 4.407 ; 4.407 ;
; SW[9]      ; LEDR[1]     ; 4.303 ; 4.303 ; 4.303 ; 4.303 ;
; SW[9]      ; LEDR[2]     ; 4.706 ; 4.706 ; 4.706 ; 4.706 ;
; SW[9]      ; LEDR[3]     ; 4.763 ; 4.763 ; 4.763 ; 4.763 ;
+------------+-------------+-------+-------+-------+-------+


+----------------------------------------------------------------------------+
; Multicorner Timing Analysis Summary                                        ;
+------------------+-------+------+----------+---------+---------------------+
; Clock            ; Setup ; Hold ; Recovery ; Removal ; Minimum Pulse Width ;
+------------------+-------+------+----------+---------+---------------------+
; Worst-case Slack ; N/A   ; N/A  ; N/A      ; N/A     ; N/A                 ;
; Design-wide TNS  ; 0.0   ; 0.0  ; 0.0      ; 0.0     ; 0.0                 ;
+------------------+-------+------+----------+---------+---------------------+


+--------------------------------------------------------------+
; Progagation Delay                                            ;
+------------+-------------+--------+--------+--------+--------+
; Input Port ; Output Port ; RR     ; RF     ; FR     ; FF     ;
+------------+-------------+--------+--------+--------+--------+
; SW[0]      ; HEX0[0]     ; 10.987 ; 10.987 ; 10.987 ; 10.987 ;
; SW[0]      ; HEX0[1]     ; 11.025 ; 11.025 ; 11.025 ; 11.025 ;
; SW[0]      ; HEX0[2]     ; 11.367 ; 11.367 ; 11.367 ; 11.367 ;
; SW[0]      ; HEX0[3]     ; 11.252 ; 11.252 ; 11.252 ; 11.252 ;
; SW[0]      ; HEX0[4]     ; 11.268 ; 11.268 ; 11.268 ; 11.268 ;
; SW[0]      ; HEX0[5]     ; 11.382 ; 11.382 ; 11.382 ; 11.382 ;
; SW[0]      ; HEX0[6]     ; 11.384 ; 11.384 ; 11.384 ; 11.384 ;
; SW[0]      ; HEX1[6]     ; 9.974  ; 9.974  ; 9.974  ; 9.974  ;
; SW[0]      ; LEDR[0]     ; 10.681 ; 10.681 ; 10.681 ; 10.681 ;
; SW[0]      ; LEDR[1]     ; 9.897  ; 9.897  ; 9.897  ; 9.897  ;
; SW[0]      ; LEDR[2]     ; 11.103 ;        ;        ; 11.103 ;
; SW[0]      ; LEDR[3]     ; 11.234 ; 11.234 ; 11.234 ; 11.234 ;
; SW[1]      ; HEX0[0]     ; 10.130 ; 10.130 ; 10.130 ; 10.130 ;
; SW[1]      ; HEX0[1]     ; 10.168 ; 10.168 ; 10.168 ; 10.168 ;
; SW[1]      ; HEX0[2]     ; 10.510 ; 10.510 ; 10.510 ; 10.510 ;
; SW[1]      ; HEX0[3]     ; 10.389 ; 10.389 ; 10.389 ; 10.389 ;
; SW[1]      ; HEX0[4]     ; 10.405 ; 10.405 ; 10.405 ; 10.405 ;
; SW[1]      ; HEX0[5]     ; 10.525 ; 10.525 ; 10.525 ; 10.525 ;
; SW[1]      ; HEX0[6]     ; 10.527 ; 10.527 ; 10.527 ; 10.527 ;
; SW[1]      ; HEX1[6]     ; 9.117  ; 9.117  ; 9.117  ; 9.117  ;
; SW[1]      ; LEDR[0]     ; 9.824  ; 9.824  ; 9.824  ; 9.824  ;
; SW[1]      ; LEDR[1]     ; 9.040  ; 9.040  ; 9.040  ; 9.040  ;
; SW[1]      ; LEDR[2]     ; 10.246 ;        ;        ; 10.246 ;
; SW[1]      ; LEDR[3]     ; 10.377 ; 10.377 ; 10.377 ; 10.377 ;
; SW[2]      ; HEX0[0]     ; 10.001 ; 10.001 ; 10.001 ; 10.001 ;
; SW[2]      ; HEX0[1]     ; 10.034 ; 10.034 ; 10.034 ; 10.034 ;
; SW[2]      ; HEX0[2]     ; 10.375 ; 10.375 ; 10.375 ; 10.375 ;
; SW[2]      ; HEX0[3]     ; 10.378 ; 10.378 ; 10.378 ; 10.378 ;
; SW[2]      ; HEX0[4]     ; 10.389 ; 10.389 ; 10.389 ; 10.389 ;
; SW[2]      ; HEX0[5]     ; 10.392 ; 10.392 ; 10.392 ; 10.392 ;
; SW[2]      ; HEX0[6]     ; 10.394 ; 10.394 ; 10.394 ; 10.394 ;
; SW[2]      ; HEX1[6]     ; 8.432  ; 8.432  ; 8.432  ; 8.432  ;
; SW[2]      ; LEDR[0]     ; 9.139  ; 9.139  ; 9.139  ; 9.139  ;
; SW[2]      ; LEDR[1]     ; 8.356  ; 8.356  ; 8.356  ; 8.356  ;
; SW[2]      ; LEDR[2]     ; 9.561  ;        ;        ; 9.561  ;
; SW[2]      ; LEDR[3]     ; 9.693  ; 9.693  ; 9.693  ; 9.693  ;
; SW[3]      ; HEX0[0]     ; 9.632  ; 9.632  ; 9.632  ; 9.632  ;
; SW[3]      ; HEX0[1]     ; 9.670  ; 9.670  ; 9.670  ; 9.670  ;
; SW[3]      ; HEX0[2]     ; 10.012 ; 10.012 ; 10.012 ; 10.012 ;
; SW[3]      ; HEX0[5]     ; 10.027 ; 10.027 ; 10.027 ; 10.027 ;
; SW[3]      ; HEX0[6]     ; 9.793  ; 10.029 ; 10.029 ; 9.793  ;
; SW[3]      ; HEX1[6]     ; 8.383  ; 8.619  ; 8.619  ; 8.383  ;
; SW[3]      ; LEDR[0]     ; 8.656  ; 8.656  ; 8.656  ; 8.656  ;
; SW[3]      ; LEDR[1]     ; 8.963  ; 8.963  ; 8.963  ; 8.963  ;
; SW[3]      ; LEDR[2]     ; 9.073  ;        ;        ; 9.073  ;
; SW[3]      ; LEDR[3]     ; 10.300 ; 10.300 ; 10.300 ; 10.300 ;
; SW[4]      ; HEX0[0]     ; 11.167 ; 11.167 ; 11.167 ; 11.167 ;
; SW[4]      ; HEX0[1]     ; 11.205 ; 11.205 ; 11.205 ; 11.205 ;
; SW[4]      ; HEX0[2]     ; 11.547 ; 11.547 ; 11.547 ; 11.547 ;
; SW[4]      ; HEX0[3]     ; 11.432 ; 11.432 ; 11.432 ; 11.432 ;
; SW[4]      ; HEX0[4]     ; 11.448 ; 11.448 ; 11.448 ; 11.448 ;
; SW[4]      ; HEX0[5]     ; 11.562 ; 11.562 ; 11.562 ; 11.562 ;
; SW[4]      ; HEX0[6]     ; 11.564 ; 11.564 ; 11.564 ; 11.564 ;
; SW[4]      ; HEX1[6]     ; 10.154 ; 10.154 ; 10.154 ; 10.154 ;
; SW[4]      ; LEDR[0]     ; 10.861 ; 10.861 ; 10.861 ; 10.861 ;
; SW[4]      ; LEDR[1]     ; 10.077 ; 10.077 ; 10.077 ; 10.077 ;
; SW[4]      ; LEDR[2]     ; 11.283 ; 11.283 ; 11.283 ; 11.283 ;
; SW[4]      ; LEDR[3]     ; 11.414 ; 11.414 ; 11.414 ; 11.414 ;
; SW[5]      ; HEX0[0]     ; 10.485 ; 10.485 ; 10.485 ; 10.485 ;
; SW[5]      ; HEX0[1]     ; 10.523 ; 10.523 ; 10.523 ; 10.523 ;
; SW[5]      ; HEX0[2]     ; 10.865 ; 10.865 ; 10.865 ; 10.865 ;
; SW[5]      ; HEX0[3]     ; 10.754 ; 10.754 ; 10.754 ; 10.754 ;
; SW[5]      ; HEX0[4]     ; 10.770 ; 10.770 ; 10.770 ; 10.770 ;
; SW[5]      ; HEX0[5]     ; 10.880 ; 10.880 ; 10.880 ; 10.880 ;
; SW[5]      ; HEX0[6]     ; 10.882 ; 10.882 ; 10.882 ; 10.882 ;
; SW[5]      ; HEX1[6]     ; 9.472  ; 9.472  ; 9.472  ; 9.472  ;
; SW[5]      ; LEDR[0]     ; 10.179 ; 10.179 ; 10.179 ; 10.179 ;
; SW[5]      ; LEDR[1]     ; 9.395  ; 9.395  ; 9.395  ; 9.395  ;
; SW[5]      ; LEDR[2]     ; 10.601 ; 10.601 ; 10.601 ; 10.601 ;
; SW[5]      ; LEDR[3]     ; 10.732 ; 10.732 ; 10.732 ; 10.732 ;
; SW[6]      ; HEX0[0]     ; 10.172 ; 10.172 ; 10.172 ; 10.172 ;
; SW[6]      ; HEX0[1]     ; 10.210 ; 10.210 ; 10.210 ; 10.210 ;
; SW[6]      ; HEX0[2]     ; 10.552 ; 10.552 ; 10.552 ; 10.552 ;
; SW[6]      ; HEX0[3]     ; 10.246 ; 10.246 ; 10.246 ; 10.246 ;
; SW[6]      ; HEX0[4]     ; 10.257 ; 10.257 ; 10.257 ; 10.257 ;
; SW[6]      ; HEX0[5]     ; 10.567 ; 10.567 ; 10.567 ; 10.567 ;
; SW[6]      ; HEX0[6]     ; 10.569 ; 10.569 ; 10.569 ; 10.569 ;
; SW[6]      ; HEX1[6]     ; 9.159  ; 9.159  ; 9.159  ; 9.159  ;
; SW[6]      ; LEDR[0]     ; 9.866  ; 9.866  ; 9.866  ; 9.866  ;
; SW[6]      ; LEDR[1]     ; 9.082  ; 9.082  ; 9.082  ; 9.082  ;
; SW[6]      ; LEDR[2]     ; 10.288 ; 10.288 ; 10.288 ; 10.288 ;
; SW[6]      ; LEDR[3]     ; 10.419 ; 10.419 ; 10.419 ; 10.419 ;
; SW[7]      ; HEX0[0]     ; 10.373 ; 10.373 ; 10.373 ; 10.373 ;
; SW[7]      ; HEX0[1]     ; 10.411 ; 10.411 ; 10.411 ; 10.411 ;
; SW[7]      ; HEX0[2]     ; 10.753 ; 10.753 ; 10.753 ; 10.753 ;
; SW[7]      ; HEX0[5]     ; 10.768 ; 10.768 ; 10.768 ; 10.768 ;
; SW[7]      ; HEX0[6]     ; 10.534 ; 10.770 ; 10.770 ; 10.534 ;
; SW[7]      ; HEX1[6]     ; 9.124  ; 9.360  ; 9.360  ; 9.124  ;
; SW[7]      ; LEDR[0]     ; 9.207  ; 9.207  ; 9.207  ; 9.207  ;
; SW[7]      ; LEDR[1]     ; 9.704  ; 9.704  ; 9.704  ; 9.704  ;
; SW[7]      ; LEDR[2]     ; 9.624  ; 9.624  ; 9.624  ; 9.624  ;
; SW[7]      ; LEDR[3]     ; 11.041 ; 11.041 ; 11.041 ; 11.041 ;
; SW[8]      ; HEX0[0]     ; 11.739 ; 11.739 ; 11.739 ; 11.739 ;
; SW[8]      ; HEX0[1]     ; 11.777 ; 11.777 ; 11.777 ; 11.777 ;
; SW[8]      ; HEX0[2]     ; 12.119 ; 12.119 ; 12.119 ; 12.119 ;
; SW[8]      ; HEX0[3]     ; 12.004 ; 12.004 ; 12.004 ; 12.004 ;
; SW[8]      ; HEX0[4]     ; 12.020 ; 12.020 ; 12.020 ; 12.020 ;
; SW[8]      ; HEX0[5]     ; 12.134 ; 12.134 ; 12.134 ; 12.134 ;
; SW[8]      ; HEX0[6]     ; 12.136 ; 12.136 ; 12.136 ; 12.136 ;
; SW[8]      ; HEX1[6]     ; 10.726 ; 10.726 ; 10.726 ; 10.726 ;
; SW[8]      ; LEDR[0]     ; 11.433 ; 11.433 ; 11.433 ; 11.433 ;
; SW[8]      ; LEDR[1]     ; 10.649 ; 10.649 ; 10.649 ; 10.649 ;
; SW[8]      ; LEDR[2]     ; 11.786 ; 11.855 ; 11.855 ; 11.786 ;
; SW[8]      ; LEDR[3]     ; 11.986 ; 11.986 ; 11.986 ; 11.986 ;
; SW[9]      ; HEX0[0]     ; 11.767 ; 11.767 ; 11.767 ; 11.767 ;
; SW[9]      ; HEX0[1]     ; 11.805 ; 11.805 ; 11.805 ; 11.805 ;
; SW[9]      ; HEX0[2]     ; 12.147 ; 12.147 ; 12.147 ; 12.147 ;
; SW[9]      ; HEX0[3]     ; 12.029 ; 12.029 ; 12.029 ; 12.029 ;
; SW[9]      ; HEX0[4]     ; 12.045 ; 12.045 ; 12.045 ; 12.045 ;
; SW[9]      ; HEX0[5]     ; 12.162 ; 12.162 ; 12.162 ; 12.162 ;
; SW[9]      ; HEX0[6]     ; 12.164 ; 12.164 ; 12.164 ; 12.164 ;
; SW[9]      ; HEX1[6]     ; 10.754 ; 10.754 ; 10.754 ; 10.754 ;
; SW[9]      ; LEDR[0]     ; 11.461 ; 11.461 ; 11.461 ; 11.461 ;
; SW[9]      ; LEDR[1]     ; 10.677 ; 10.677 ; 10.677 ; 10.677 ;
; SW[9]      ; LEDR[2]     ; 11.883 ; 11.883 ; 11.883 ; 11.883 ;
; SW[9]      ; LEDR[3]     ; 12.014 ; 12.014 ; 12.014 ; 12.014 ;
+------------+-------------+--------+--------+--------+--------+


+----------------------------------------------------------+
; Minimum Progagation Delay                                ;
+------------+-------------+-------+-------+-------+-------+
; Input Port ; Output Port ; RR    ; RF    ; FR    ; FF    ;
+------------+-------------+-------+-------+-------+-------+
; SW[0]      ; HEX0[0]     ; 3.825 ; 3.825 ; 3.825 ; 3.825 ;
; SW[0]      ; HEX0[1]     ; 3.856 ; 3.856 ; 3.856 ; 3.856 ;
; SW[0]      ; HEX0[2]     ; 3.980 ; 3.980 ; 3.980 ; 3.980 ;
; SW[0]      ; HEX0[3]     ; 3.980 ; 3.980 ; 3.980 ; 3.980 ;
; SW[0]      ; HEX0[4]     ; 3.998 ; 3.998 ; 3.998 ; 3.998 ;
; SW[0]      ; HEX0[5]     ; 3.998 ; 3.998 ; 3.998 ; 3.998 ;
; SW[0]      ; HEX0[6]     ; 4.002 ; 4.002 ; 4.002 ; 4.002 ;
; SW[0]      ; HEX1[6]     ; 4.376 ; 4.376 ; 4.376 ; 4.376 ;
; SW[0]      ; LEDR[0]     ; 4.583 ; 4.583 ; 4.583 ; 4.583 ;
; SW[0]      ; LEDR[1]     ; 4.257 ; 4.257 ; 4.257 ; 4.257 ;
; SW[0]      ; LEDR[2]     ; 4.881 ;       ;       ; 4.881 ;
; SW[0]      ; LEDR[3]     ; 3.974 ; 3.974 ; 3.974 ; 3.974 ;
; SW[1]      ; HEX0[0]     ; 4.235 ; 4.235 ; 4.235 ; 4.235 ;
; SW[1]      ; HEX0[1]     ; 4.268 ; 4.268 ; 4.268 ; 4.268 ;
; SW[1]      ; HEX0[2]     ; 4.400 ; 4.400 ; 4.400 ; 4.400 ;
; SW[1]      ; HEX0[3]     ; 4.395 ; 4.395 ; 4.395 ; 4.395 ;
; SW[1]      ; HEX0[4]     ; 4.414 ; 4.414 ; 4.414 ; 4.414 ;
; SW[1]      ; HEX0[5]     ; 4.414 ; 4.414 ; 4.414 ; 4.414 ;
; SW[1]      ; HEX0[6]     ; 4.414 ; 4.414 ; 4.414 ; 4.414 ;
; SW[1]      ; HEX1[6]     ; 4.084 ; 4.084 ; 4.084 ; 4.084 ;
; SW[1]      ; LEDR[0]     ; 4.291 ; 4.291 ; 4.291 ; 4.291 ;
; SW[1]      ; LEDR[1]     ; 3.965 ; 3.965 ; 3.965 ; 3.965 ;
; SW[1]      ; LEDR[2]     ; 4.589 ;       ;       ; 4.589 ;
; SW[1]      ; LEDR[3]     ; 4.289 ; 4.289 ; 4.289 ; 4.289 ;
; SW[2]      ; HEX0[0]     ; 4.169 ; 4.169 ; 4.169 ; 4.169 ;
; SW[2]      ; HEX0[1]     ; 4.202 ; 4.202 ; 4.202 ; 4.202 ;
; SW[2]      ; HEX0[2]     ; 4.335 ; 4.335 ; 4.335 ; 4.335 ;
; SW[2]      ; HEX0[3]     ; 4.457 ; 4.457 ; 4.457 ; 4.457 ;
; SW[2]      ; HEX0[4]     ; 4.476 ; 4.476 ; 4.476 ; 4.476 ;
; SW[2]      ; HEX0[5]     ; 4.348 ; 4.348 ; 4.348 ; 4.348 ;
; SW[2]      ; HEX0[6]     ; 4.349 ; 4.349 ; 4.349 ; 4.349 ;
; SW[2]      ; HEX1[6]     ; 3.845 ; 3.845 ; 3.845 ; 3.845 ;
; SW[2]      ; LEDR[0]     ; 4.052 ; 4.052 ; 4.052 ; 4.052 ;
; SW[2]      ; LEDR[1]     ; 3.728 ; 3.728 ; 3.728 ; 3.728 ;
; SW[2]      ; LEDR[2]     ; 4.350 ;       ;       ; 4.350 ;
; SW[2]      ; LEDR[3]     ; 4.174 ; 4.174 ; 4.174 ; 4.174 ;
; SW[3]      ; HEX0[0]     ; 4.144 ; 4.144 ; 4.144 ; 4.144 ;
; SW[3]      ; HEX0[1]     ; 4.177 ; 4.177 ; 4.177 ; 4.177 ;
; SW[3]      ; HEX0[2]     ; 4.310 ; 4.310 ; 4.310 ; 4.310 ;
; SW[3]      ; HEX0[5]     ; 4.323 ; 4.323 ; 4.323 ; 4.323 ;
; SW[3]      ; HEX0[6]     ; 4.324 ; 4.324 ; 4.324 ; 4.324 ;
; SW[3]      ; HEX1[6]     ; 3.820 ; 3.820 ; 3.820 ; 3.820 ;
; SW[3]      ; LEDR[0]     ; 3.867 ; 3.867 ; 3.867 ; 3.867 ;
; SW[3]      ; LEDR[1]     ; 3.952 ; 3.952 ; 3.952 ; 3.952 ;
; SW[3]      ; LEDR[2]     ; 4.164 ;       ;       ; 4.164 ;
; SW[3]      ; LEDR[3]     ; 4.481 ; 4.481 ; 4.481 ; 4.481 ;
; SW[4]      ; HEX0[0]     ; 3.902 ; 3.902 ; 3.902 ; 3.902 ;
; SW[4]      ; HEX0[1]     ; 3.933 ; 3.933 ; 3.933 ; 3.933 ;
; SW[4]      ; HEX0[2]     ; 4.057 ; 4.057 ; 4.057 ; 4.057 ;
; SW[4]      ; HEX0[3]     ; 4.057 ; 4.057 ; 4.057 ; 4.057 ;
; SW[4]      ; HEX0[4]     ; 4.075 ; 4.075 ; 4.075 ; 4.075 ;
; SW[4]      ; HEX0[5]     ; 4.075 ; 4.075 ; 4.075 ; 4.075 ;
; SW[4]      ; HEX0[6]     ; 4.079 ; 4.079 ; 4.079 ; 4.079 ;
; SW[4]      ; HEX1[6]     ; 4.455 ; 4.455 ; 4.455 ; 4.455 ;
; SW[4]      ; LEDR[0]     ; 4.662 ; 4.662 ; 4.662 ; 4.662 ;
; SW[4]      ; LEDR[1]     ; 4.336 ; 4.336 ; 4.336 ; 4.336 ;
; SW[4]      ; LEDR[2]     ; 4.960 ; 4.960 ; 4.960 ; 4.960 ;
; SW[4]      ; LEDR[3]     ; 4.058 ; 4.058 ; 4.058 ; 4.058 ;
; SW[5]      ; HEX0[0]     ; 4.176 ; 4.176 ; 4.176 ; 4.176 ;
; SW[5]      ; HEX0[1]     ; 4.208 ; 4.208 ; 4.208 ; 4.208 ;
; SW[5]      ; HEX0[2]     ; 4.345 ; 4.511 ; 4.511 ; 4.345 ;
; SW[5]      ; HEX0[3]     ; 4.336 ; 4.336 ; 4.336 ; 4.336 ;
; SW[5]      ; HEX0[4]     ; 4.525 ; 4.355 ; 4.355 ; 4.525 ;
; SW[5]      ; HEX0[5]     ; 4.355 ; 4.355 ; 4.355 ; 4.355 ;
; SW[5]      ; HEX0[6]     ; 4.355 ; 4.355 ; 4.355 ; 4.355 ;
; SW[5]      ; HEX1[6]     ; 4.195 ; 4.195 ; 4.195 ; 4.195 ;
; SW[5]      ; LEDR[0]     ; 4.402 ; 4.402 ; 4.402 ; 4.402 ;
; SW[5]      ; LEDR[1]     ; 4.076 ; 4.076 ; 4.076 ; 4.076 ;
; SW[5]      ; LEDR[2]     ; 4.700 ; 4.700 ; 4.700 ; 4.700 ;
; SW[5]      ; LEDR[3]     ; 4.406 ; 4.406 ; 4.406 ; 4.406 ;
; SW[6]      ; HEX0[0]     ; 4.148 ; 4.148 ; 4.148 ; 4.148 ;
; SW[6]      ; HEX0[1]     ; 4.181 ; 4.181 ; 4.181 ; 4.181 ;
; SW[6]      ; HEX0[2]     ; 4.313 ; 4.313 ; 4.313 ; 4.313 ;
; SW[6]      ; HEX0[3]     ; 4.308 ; 4.308 ; 4.308 ; 4.308 ;
; SW[6]      ; HEX0[4]     ; 4.327 ; 4.327 ; 4.327 ; 4.327 ;
; SW[6]      ; HEX0[5]     ; 4.327 ; 4.327 ; 4.327 ; 4.327 ;
; SW[6]      ; HEX0[6]     ; 4.327 ; 4.327 ; 4.327 ; 4.327 ;
; SW[6]      ; HEX1[6]     ; 4.089 ; 4.089 ; 4.089 ; 4.089 ;
; SW[6]      ; LEDR[0]     ; 4.296 ; 4.296 ; 4.296 ; 4.296 ;
; SW[6]      ; LEDR[1]     ; 3.973 ; 3.973 ; 3.973 ; 3.973 ;
; SW[6]      ; LEDR[2]     ; 4.594 ; 4.594 ; 4.594 ; 4.594 ;
; SW[6]      ; LEDR[3]     ; 4.413 ; 4.413 ; 4.413 ; 4.413 ;
; SW[7]      ; HEX0[0]     ; 4.456 ; 4.456 ; 4.456 ; 4.456 ;
; SW[7]      ; HEX0[1]     ; 4.489 ; 4.489 ; 4.489 ; 4.489 ;
; SW[7]      ; HEX0[2]     ; 4.622 ; 4.622 ; 4.622 ; 4.622 ;
; SW[7]      ; HEX0[5]     ; 4.635 ; 4.635 ; 4.635 ; 4.635 ;
; SW[7]      ; HEX0[6]     ; 4.636 ; 4.636 ; 4.636 ; 4.636 ;
; SW[7]      ; HEX1[6]     ; 4.132 ; 4.132 ; 4.132 ; 4.132 ;
; SW[7]      ; LEDR[0]     ; 4.120 ; 4.120 ; 4.120 ; 4.120 ;
; SW[7]      ; LEDR[1]     ; 4.264 ; 4.264 ; 4.264 ; 4.264 ;
; SW[7]      ; LEDR[2]     ; 4.417 ; 4.417 ; 4.417 ; 4.417 ;
; SW[7]      ; LEDR[3]     ; 4.793 ; 4.793 ; 4.793 ; 4.793 ;
; SW[8]      ; HEX0[0]     ; 4.173 ; 4.173 ; 4.173 ; 4.173 ;
; SW[8]      ; HEX0[1]     ; 4.206 ; 4.206 ; 4.206 ; 4.206 ;
; SW[8]      ; HEX0[2]     ; 4.338 ; 4.338 ; 4.338 ; 4.338 ;
; SW[8]      ; HEX0[3]     ; 4.338 ; 4.338 ; 4.338 ; 4.338 ;
; SW[8]      ; HEX0[4]     ; 4.356 ; 4.356 ; 4.356 ; 4.356 ;
; SW[8]      ; HEX0[5]     ; 4.352 ; 4.352 ; 4.352 ; 4.352 ;
; SW[8]      ; HEX0[6]     ; 4.353 ; 4.360 ; 4.360 ; 4.353 ;
; SW[8]      ; HEX1[6]     ; 3.849 ; 4.209 ; 4.209 ; 3.849 ;
; SW[8]      ; LEDR[0]     ; 4.351 ; 4.351 ; 4.351 ; 4.351 ;
; SW[8]      ; LEDR[1]     ; 4.341 ; 4.341 ; 4.341 ; 4.341 ;
; SW[8]      ; LEDR[2]     ; 4.650 ; 4.650 ; 4.650 ; 4.650 ;
; SW[8]      ; LEDR[3]     ; 4.850 ; 4.850 ; 4.850 ; 4.850 ;
; SW[9]      ; HEX0[0]     ; 4.096 ; 4.096 ; 4.096 ; 4.096 ;
; SW[9]      ; HEX0[1]     ; 4.127 ; 4.127 ; 4.127 ; 4.127 ;
; SW[9]      ; HEX0[2]     ; 4.661 ; 4.251 ; 4.251 ; 4.661 ;
; SW[9]      ; HEX0[3]     ; 4.251 ; 4.251 ; 4.251 ; 4.251 ;
; SW[9]      ; HEX0[4]     ; 4.269 ; 4.677 ; 4.677 ; 4.269 ;
; SW[9]      ; HEX0[5]     ; 4.269 ; 4.674 ; 4.674 ; 4.269 ;
; SW[9]      ; HEX0[6]     ; 4.273 ; 4.675 ; 4.675 ; 4.273 ;
; SW[9]      ; HEX1[6]     ; 4.171 ; 4.171 ; 4.171 ; 4.171 ;
; SW[9]      ; LEDR[0]     ; 4.407 ; 4.407 ; 4.407 ; 4.407 ;
; SW[9]      ; LEDR[1]     ; 4.303 ; 4.303 ; 4.303 ; 4.303 ;
; SW[9]      ; LEDR[2]     ; 4.706 ; 4.706 ; 4.706 ; 4.706 ;
; SW[9]      ; LEDR[3]     ; 4.763 ; 4.763 ; 4.763 ; 4.763 ;
+------------+-------------+-------+-------+-------+-------+


-------------------
; Clock Transfers ;
-------------------
Nothing to report.


---------------
; Report TCCS ;
---------------
No dedicated SERDES Transmitter circuitry present in device or used in design


---------------
; Report RSKM ;
---------------
No dedicated SERDES Receiver circuitry present in device or used in design


+------------------------------------------------+
; Unconstrained Paths                            ;
+---------------------------------+-------+------+
; Property                        ; Setup ; Hold ;
+---------------------------------+-------+------+
; Illegal Clocks                  ; 0     ; 0    ;
; Unconstrained Clocks            ; 0     ; 0    ;
; Unconstrained Input Ports       ; 10    ; 10   ;
; Unconstrained Input Port Paths  ; 116   ; 116  ;
; Unconstrained Output Ports      ; 12    ; 12   ;
; Unconstrained Output Port Paths ; 116   ; 116  ;
+---------------------------------+-------+------+


+------------------------------------+
; TimeQuest Timing Analyzer Messages ;
+------------------------------------+
Info: *******************************************************************
Info: Running Quartus II 32-bit TimeQuest Timing Analyzer
    Info: Version 13.0.1 Build 232 06/12/2013 Service Pack 1 SJ Web Edition
    Info: Processing started: Mon Apr 17 13:23:14 2017
Info: Command: quartus_sta ex2e -c demo_setup
Info: qsta_default_script.tcl version: #1
Warning (20028): Parallel compilation is not licensed and has been disabled
Info (21077): Low junction temperature is 0 degrees C
Info (21077): High junction temperature is 85 degrees C
Critical Warning (332012): Synopsys Design Constraints File file not found: 'demo_setup.sdc'. A Synopsys Design Constraints File is required by the TimeQuest Timing Analyzer to get proper timing constraints. Without it, the Compiler will not properly optimize the design.
Info (332142): No user constrained base clocks found in the design. Calling "derive_clocks -period 1.0"
Info (332096): The command derive_clocks did not find any clocks to derive.  No clocks were created or changed.
Warning (332068): No clocks defined in design.
Info: Found TIMEQUEST_REPORT_SCRIPT_INCLUDE_DEFAULT_ANALYSIS = ON
Info (332159): No clocks to report
Info: Analyzing Slow Model
Info (332140): No fmax paths to report
Info (332140): No Setup paths to report
Info (332140): No Hold paths to report
Info (332140): No Recovery paths to report
Info (332140): No Removal paths to report
Info (332140): No Minimum Pulse Width paths to report
Info (332001): The selected device family is not supported by the report_metastability command.
Info: Analyzing Fast Model
Info (332142): No user constrained base clocks found in the design. Calling "derive_clocks -period 1.0"
Info (332096): The command derive_clocks did not find any clocks to derive.  No clocks were created or changed.
Warning (332068): No clocks defined in design.
Info (332140): No Setup paths to report
Info (332140): No Hold paths to report
Info (332140): No Recovery paths to report
Info (332140): No Removal paths to report
Info (332140): No Minimum Pulse Width paths to report
Info (332001): The selected device family is not supported by the report_metastability command.
Info (332102): Design is not fully constrained for setup requirements
Info (332102): Design is not fully constrained for hold requirements
Info: Quartus II 32-bit TimeQuest Timing Analyzer was successful. 0 errors, 4 warnings
    Info: Peak virtual memory: 297 megabytes
    Info: Processing ended: Mon Apr 17 13:23:15 2017
    Info: Elapsed time: 00:00:01
    Info: Total CPU time (on all processors): 00:00:01


